<?xml version="1.0" encoding="UTF-8"?>
<!-- Generated by org.testng.reporters.JUnitXMLReporter -->
<testsuite ignored="0" hostname="AMIT" failures="1" tests="6" name="Test" time="9.537" errors="0" timestamp="2026-04-28T16:57:00 IST">
  <testcase classname="listeners.TestNGListenerDemo" name="test1" time="0.008"/>
  <testcase classname="listeners.TestNGListenerDemo" name="test2" time="6.55"/>
  <testcase classname="listeners.TestNGListenerDemo" name="test3" time="2.91"/>
  <testcase classname="listeners.TestNGListenerDemo2" name="test4" time="0.001"/>
  <testcase classname="listeners.TestNGListenerDemo2" name="test5" time="0.006">
    <failure type="java.lang.AssertionError" message="Failed intentionally">
      <![CDATA[java.lang.AssertionError: Failed intentionally
at listeners.TestNGListenerDemo2.test5(TestNGListenerDemo2.java:20)
at java.base/java.util.ArrayList.forEach(ArrayList.java:1596)
... Removed 26 stack frames]]>
    </failure>
  </testcase> <!-- test5 -->
  <testcase classname="listeners.TestNGListenerDemo2" name="test6" time="0.002"/>
</testsuite> <!-- Test -->
