<?xml version="1.0" encoding="UTF-8"?>
<!-- Generated by org.testng.reporters.JUnitXMLReporter -->
<testsuite ignored="0" hostname="AMIT" failures="0" tests="4" name="Test1" time="8.455" errors="0" timestamp="2026-04-16T13:32:09 IST">
  <testcase classname="test.TestNGTest2" name="launch2" time="2.295"/>
  <testcase classname="test.TestNGTest" name="launch" time="2.437"/>
  <testcase classname="test.TestNGTest2" name="login2" time="1.789"/>
  <testcase classname="test.TestNGTest" name="login" time="1.897"/>
</testsuite> <!-- Test1 -->
