<?xml version="1.0" encoding="UTF-8"?>
<!-- Generated by org.testng.reporters.JUnitXMLReporter -->
<testsuite ignored="0" hostname="AMIT" failures="0" tests="5" name="Test" time="10.184" errors="0" timestamp="2026-04-29T12:37:34 IST">
  <testcase classname="grouping.TestNGGrouping" name="launchChrome" time="4.18"/>
  <testcase classname="grouping.TestNGGrouping" name="launchFirefox" time="5.953"/>
  <testcase classname="grouping.TestNGGrouping" name="launchIE" time="0.001"/>
  <testcase classname="grouping.TestNGGrouping" name="test1" time="0.001"/>
  <testcase classname="grouping.TestNGGrouping" name="test2" time="0.001"/>
</testsuite> <!-- Test -->
