<?xml version="1.0" encoding="UTF-8"?>
<!-- Generated by org.testng.reporters.JUnitXMLReporter -->
<testsuite ignored="2" hostname="AMIT" failures="1" tests="1" name="Test(failed)" time="0.065" errors="0" timestamp="2026-05-25T12:47:39 IST">
  <testcase classname="listeners.TestNGListenerDemo2" name="test5" time="0.014">
    <failure type="java.lang.AssertionError" message="Failed intentionally">
      <![CDATA[java.lang.AssertionError: Failed intentionally
at listeners.TestNGListenerDemo2.test5(TestNGListenerDemo2.java:20)
at java.base/java.util.ArrayList.forEach(ArrayList.java:1596)
... Removed 26 stack frames]]>
    </failure>
  </testcase> <!-- test5 -->
  <testcase classname="listeners.TestNGListenerDemo2" name="test4" time="0.0">
    <ignored/>
  </testcase> <!-- test4 -->
  <testcase classname="listeners.TestNGListenerDemo2" name="test6" time="0.0">
    <ignored/>
  </testcase> <!-- test6 -->
</testsuite> <!-- Test(failed) -->
