<?xml version="1.0" encoding="UTF-8"?>
<testng-results ignored="0" total="2" passed="2" failed="0" skipped="0">
  <reporter-output>
  </reporter-output>
  <suite started-at="2026-08-16T18:40:07 IST" name="Suite" finished-at="2026-08-16T18:40:25 IST" duration-ms="18581">
    <groups>
    </groups>
    <test started-at="2026-08-16T18:40:07 IST" name="Test" finished-at="2026-08-16T18:40:25 IST" duration-ms="18581">
      <class name="test.TestTrip">
        <test-method is-config="true" signature="setup()[pri:0, instance:test.TestTrip@f5958c9]" started-at="2026-08-16T18:40:07 IST" name="setup" finished-at="2026-08-16T18:40:11 IST" duration-ms="4326" status="PASS">
          <reporter-output>
          </reporter-output>
        </test-method> <!-- setup -->
        <test-method signature="TestDropDownValue()[pri:0, instance:test.TestTrip@f5958c9]" started-at="2026-08-16T18:40:11 IST" name="TestDropDownValue" finished-at="2026-08-16T18:40:20 IST" duration-ms="8982" status="PASS">
          <reporter-output>
          </reporter-output>
        </test-method> <!-- TestDropDownValue -->
        <test-method signature="launch()[pri:0, instance:test.TestTrip@f5958c9]" started-at="2026-08-16T18:40:20 IST" name="launch" finished-at="2026-08-16T18:40:22 IST" duration-ms="2391" status="PASS">
          <reporter-output>
          </reporter-output>
        </test-method> <!-- launch -->
        <test-method is-config="true" signature="tearDown()[pri:0, instance:test.TestTrip@f5958c9]" started-at="2026-08-16T18:40:22 IST" name="tearDown" finished-at="2026-08-16T18:40:25 IST" duration-ms="2769" status="PASS">
          <reporter-output>
          </reporter-output>
        </test-method> <!-- tearDown -->
      </class> <!-- test.TestTrip -->
    </test> <!-- Test -->
  </suite> <!-- Suite -->
</testng-results>
