<?xml version="1.0" encoding="UTF-8"?>
<testng-results ignored="0" total="2" passed="2" failed="0" skipped="0">
  <reporter-output>
  </reporter-output>
  <suite started-at="2026-05-07T22:25:53 IST" name="Suite" finished-at="2026-05-07T22:26:05 IST" duration-ms="11889">
    <groups>
    </groups>
    <test started-at="2026-05-07T22:25:53 IST" name="Test" finished-at="2026-05-07T22:26:05 IST" duration-ms="11889">
      <class name="test.TestTrip">
        <test-method is-config="true" signature="setup()[pri:0, instance:test.TestTrip@7eac9008]" started-at="2026-05-07T22:25:53 IST" name="setup" finished-at="2026-05-07T22:25:54 IST" duration-ms="1699" status="PASS">
          <reporter-output>
          </reporter-output>
        </test-method> <!-- setup -->
        <test-method signature="TestDropDownValue()[pri:0, instance:test.TestTrip@7eac9008]" started-at="2026-05-07T22:25:54 IST" name="TestDropDownValue" finished-at="2026-05-07T22:26:01 IST" duration-ms="6273" status="PASS">
          <reporter-output>
          </reporter-output>
        </test-method> <!-- TestDropDownValue -->
        <test-method signature="launch()[pri:0, instance:test.TestTrip@7eac9008]" started-at="2026-05-07T22:26:01 IST" name="launch" finished-at="2026-05-07T22:26:03 IST" duration-ms="2452" status="PASS">
          <reporter-output>
          </reporter-output>
        </test-method> <!-- launch -->
        <test-method is-config="true" signature="tearDown()[pri:0, instance:test.TestTrip@7eac9008]" started-at="2026-05-07T22:26:03 IST" name="tearDown" finished-at="2026-05-07T22:26:05 IST" duration-ms="1363" status="PASS">
          <reporter-output>
          </reporter-output>
        </test-method> <!-- tearDown -->
      </class> <!-- test.TestTrip -->
    </test> <!-- Test -->
  </suite> <!-- Suite -->
</testng-results>
