<?xml version="1.0" encoding="UTF-8"?>
<!-- Generated by org.testng.reporters.JUnitReportReporter -->
<testsuite hostname="AMIT" failures="0" tests="3" name="grouping.DependsOnDemo2" time="0.015" errors="0" timestamp="2026-04-29T15:59:25 IST" skipped="0">
  <testcase classname="grouping.DependsOnDemo2" name="Test2" time="0.013"/>
  <testcase classname="grouping.DependsOnDemo2" name="Test3" time="0.001"/>
  <testcase classname="grouping.DependsOnDemo2" name="Test1" time="0.001"/>
</testsuite> <!-- grouping.DependsOnDemo2 -->
