<?xml version="1.0" encoding="UTF-8"?>
<!-- Generated by org.testng.reporters.JUnitReportReporter -->
<testsuite hostname="AMIT" failures="0" tests="5" name="utils.ExcelDataProvider" time="4.169" errors="0" timestamp="2026-04-17T17:21:47 IST" skipped="0">
  <testcase classname="utils.ExcelDataProvider" name="test1" time="0.252"/>
  <testcase classname="utils.ExcelDataProvider" name="test1" time="0.244"/>
  <testcase classname="utils.ExcelDataProvider" name="test1" time="2.771"/>
  <testcase classname="utils.ExcelDataProvider" name="test1" time="0.662"/>
  <testcase classname="utils.ExcelDataProvider" name="test1" time="0.240"/>
</testsuite> <!-- utils.ExcelDataProvider -->
