<?xml version="1.0" encoding="UTF-8"?>
<!-- Generated by org.testng.reporters.JUnitReportReporter -->
<testsuite hostname="AMIT" failures="0" tests="3" name="listeners.TestNGListenerDemo" time="10.643" errors="0" timestamp="2026-08-16T12:00:17 IST" skipped="0">
  <testcase classname="listeners.TestNGListenerDemo" name="test3" time="2.348"/>
  <testcase classname="listeners.TestNGListenerDemo" name="test1" time="0.008"/>
  <testcase classname="listeners.TestNGListenerDemo" name="test2" time="8.287"/>
</testsuite> <!-- listeners.TestNGListenerDemo -->
