<?xml version="1.0" encoding="UTF-8"?>
<!-- Generated by org.testng.reporters.JUnitReportReporter -->
<testsuite hostname="AMIT" failures="0" tests="3" name="grouping.DependsOnDemo" time="0.014" errors="0" timestamp="2026-08-16T11:59:47 IST" skipped="0">
  <testcase classname="grouping.DependsOnDemo" name="Test1" time="0.002"/>
  <testcase classname="grouping.DependsOnDemo" name="Test3" time="0.010"/>
  <testcase classname="grouping.DependsOnDemo" name="Test2" time="0.002"/>
</testsuite> <!-- grouping.DependsOnDemo -->
