<?xml version="1.0" encoding="UTF-8"?>
<!-- Generated by org.testng.reporters.JUnitReportReporter -->
<testsuite hostname="AMIT" failures="0" tests="3" name="listeners.TestNGListenerDemo" time="9.468" errors="0" timestamp="2026-04-28T16:57:00 IST" skipped="0">
  <testcase classname="listeners.TestNGListenerDemo" name="test2" time="6.550"/>
  <testcase classname="listeners.TestNGListenerDemo" name="test3" time="2.910"/>
  <testcase classname="listeners.TestNGListenerDemo" name="test1" time="0.008"/>
</testsuite> <!-- listeners.TestNGListenerDemo -->
